Row is 
 when: 2019-08-29 09:40:05
 url: /
 type: link
 text: Home
 domain: charlotter.siliconpreview.co.uk
 session: SESS5d678d7caa6765.14565274
 returning user: 1Row is 
 when: 2019-08-29 09:40:11
 url: 
 type: link
 text: Reception and enquiries
 domain: charlotter.siliconpreview.co.uk
 session: SESS5d678d7caa6765.14565274
 returning user: 1Row is 
 when: 2019-08-29 09:40:14
 url: /navigator/ask-the-reception-a-question/
 type: link
 text: Ask a Receptionist a question
 domain: charlotter.siliconpreview.co.uk
 session: SESS5d678d7caa6765.14565274
 returning user: 1Row is 
 when: 2019-08-29 09:40:37
 url: 
 type: link
 text: Treatment Room
 domain: charlotter.siliconpreview.co.uk
 session: SESS5d678d7caa6765.14565274
 returning user: 1Row is 
 when: 2019-08-29 09:55:54
 url: 
 type: link
 text: Reception and enquiries
 domain: charlotter.siliconpreview.co.uk
 session: SESS5d6793005ebfb5.78472380
 returning user: 1Row is 
 when: 2019-08-29 09:56:00
 url: 
 type: link
 text: Travel Room
 domain: charlotter.siliconpreview.co.uk
 session: SESS5d6793005ebfb5.78472380
 returning user: 1Row is 
 when: 2019-08-29 09:56:04
 url: /practice-information/
 type: link
 text: Practice Information 
 domain: charlotter.siliconpreview.co.uk
 session: SESS5d6793005ebfb5.78472380
 returning user: 1Row is 
 when: 2019-08-29 09:56:12
 url: 
 type: link
 text: Reception and enquiries
 domain: charlotter.siliconpreview.co.uk
 session: SESS5d6793005ebfb5.78472380
 returning user: 1Row is 
 when: 2019-08-29 09:56:15
 url: /referrals/
 type: link
 text: Referrals
 domain: charlotter.siliconpreview.co.uk
 session: SESS5d6793005ebfb5.78472380
 returning user: 1Row is 
 when: 2019-08-29 09:56:28
 url: 
 type: choice
 text: I would like to request a referral
 domain: charlotter.siliconpreview.co.uk
 session: SESS5d6793005ebfb5.78472380
 returning user: 1Row is 
 when: 2019-08-29 09:56:35
 url: http://www.talktofrank.com/treatment-centre/lorrai
 type: link
 text: Drugs & Alcohol
 domain: charlotter.siliconpreview.co.uk
 session: SESS5d6793005ebfb5.78472380
 returning user: 1Row is 
 when: 2019-08-29 09:56:35
 url: 
 type: choice
 text: 
 domain: charlotter.siliconpreview.co.uk
 session: SESS5d6793005ebfb5.78472380
 returning user: 1Row is 
 when: 2019-08-29 09:59:46
 url: /sick-note/
 type: link
 text: Sick / fit notes
 domain: charlotter.siliconpreview.co.uk
 session: SESS5d6793005ebfb5.78472380
 returning user: 1Row is 
 when: 2019-08-29 09:59:59
 url: 
 type: choice
 text: This is my first Sick / Fit Note for this illness
 domain: charlotter.siliconpreview.co.uk
 session: SESS5d6793005ebfb5.78472380
 returning user: 1Row is 
 when: 2019-08-29 10:00:00
 url: /please-complete-a-self-certification-form/
 type: link
 text: I have been ill for 7 days or less
 domain: charlotter.siliconpreview.co.uk
 session: SESS5d6793005ebfb5.78472380
 returning user: 1Row is 
 when: 2019-08-29 10:00:00
 url: 
 type: choice
 text: 
 domain: charlotter.siliconpreview.co.uk
 session: SESS5d6793005ebfb5.78472380
 returning user: 1Row is 
 when: 2019-08-29 10:05:41
 url: 
 type: 
 text: 
 domain: charlotter.siliconpreview.co.uk
 session: SESS5d6793005ebfb5.78472380
 returning user: 1Row is 
 when: 2019-08-29 10:11:17
 url: 
 type: link
 text: Phone
 domain: charlotter.siliconpreview.co.uk
 session: SESS5d6793005ebfb5.78472380
 returning user: 1Row is 
 when: 2019-08-29 10:14:15
 url: 
 type: room
 text: Reception and enquiries
 domain: charlotter.siliconpreview.co.uk
 session: SESS5d6793005ebfb5.78472380
 returning user: 1Row is 
 when: 2019-08-29 10:14:18
 url: 
 type: room
 text: Treatment Room
 domain: charlotter.siliconpreview.co.uk
 session: SESS5d6793005ebfb5.78472380
 returning user: 1Row is 
 when: 2019-08-29 10:14:20
 url: /conditions/headache/pages/introduction.aspx
 type: link
 text: Headaches
 domain: charlotter.siliconpreview.co.uk
 session: SESS5d6793005ebfb5.78472380
 returning user: 1Row is 
 when: 2019-08-29 10:14:47
 url: /practice-information/opening-hours/
 type: link
 text: View all opening hours
 domain: charlotter.siliconpreview.co.uk
 session: SESS5d6793005ebfb5.78472380
 returning user: 1Row is 
 when: 2019-08-29 10:15:10
 url: /navigator/new-patient-registration/
 type: link
 text: Read more
 domain: charlotter.siliconpreview.co.uk
 session: SESS5d6793005ebfb5.78472380
 returning user: 1Row is 
 when: 2019-08-29 10:15:19
 url: 
 type: form
 text: form_newpatient
 domain: charlotter.siliconpreview.co.uk
 session: SESS5d6793005ebfb5.78472380
 returning user: 1Row is 
 when: 2019-08-29 10:15:19
 url: 
 type: 
 text: 
 domain: charlotter.siliconpreview.co.uk
 session: SESS5d6793005ebfb5.78472380
 returning user: 1Row is 
 when: 2019-08-29 10:15:24
 url: 
 type: form
 text: form_newpatient
 domain: charlotter.siliconpreview.co.uk
 session: SESS5d6793005ebfb5.78472380
 returning user: 1Row is 
 when: 2019-08-29 10:15:24
 url: 
 type: 
 text: 
 domain: charlotter.siliconpreview.co.uk
 session: SESS5d6793005ebfb5.78472380
 returning user: 1Row is 
 when: 2019-08-29 10:15:29
 url: /online-requests/
 type: link
 text: Online Requests
 domain: charlotter.siliconpreview.co.uk
 session: SESS5d6793005ebfb5.78472380
 returning user: 1Row is 
 when: 2019-08-29 10:15:37
 url: /navigator/ask-the-reception-a-question/
 type: link
 text: Ask Reception a Question
 domain: charlotter.siliconpreview.co.uk
 session: SESS5d6793005ebfb5.78472380
 returning user: 1Row is 
 when: 2019-08-29 10:15:40
 url: 
 type: form
 text: form_askareception
 domain: charlotter.siliconpreview.co.uk
 session: SESS5d6793005ebfb5.78472380
 returning user: 1Row is 
 when: 2019-08-29 10:15:44
 url: 
 type: form
 text: form_askareception
 domain: charlotter.siliconpreview.co.uk
 session: SESS5d6793005ebfb5.78472380
 returning user: 1Row is 
 when: 2019-08-29 10:15:46
 url: 
 type: form
 text: form_askareception
 domain: charlotter.siliconpreview.co.uk
 session: SESS5d6793005ebfb5.78472380
 returning user: 1Row is 
 when: 2019-08-29 10:15:52
 url: 
 type: form
 text: form_askareception
 domain: charlotter.siliconpreview.co.uk
 session: SESS5d6793005ebfb5.78472380
 returning user: 1Row is 
 when: 2019-08-29 10:15:54
 url: 
 type: 
 text: 
 domain: charlotter.siliconpreview.co.uk
 session: SESS5d6793005ebfb5.78472380
 returning user: 1Row is 
 when: 2019-08-29 10:15:54
 url: 
 type: form
 text: form_askareception
 domain: charlotter.siliconpreview.co.uk
 session: SESS5d6793005ebfb5.78472380
 returning user: 1Row is 
 when: 2019-08-29 10:16:16
 url: 
 type: form
 text: form_help-survey
 domain: charlotter.siliconpreview.co.uk
 session: SESS5d6793005ebfb5.78472380
 returning user: 1Row is 
 when: 2019-08-29 10:16:17
 url: 
 type: form
 text: form_help-survey
 domain: charlotter.siliconpreview.co.uk
 session: SESS5d6793005ebfb5.78472380
 returning user: 1Row is 
 when: 2019-08-29 10:16:17
 url: 
 type: form
 text: form_help-survey
 domain: charlotter.siliconpreview.co.uk
 session: SESS5d6793005ebfb5.78472380
 returning user: 1Row is 
 when: 2019-08-29 10:16:17
 url: 
 type: form
 text: form_help-survey
 domain: charlotter.siliconpreview.co.uk
 session: SESS5d6793005ebfb5.78472380
 returning user: 1Row is 
 when: 2019-08-29 10:16:17
 url: 
 type: 
 text: 
 domain: charlotter.siliconpreview.co.uk
 session: SESS5d6793005ebfb5.78472380
 returning user: 1Row is 
 when: 2019-08-29 10:16:17
 url: 
 type: form
 text: form_help-survey
 domain: charlotter.siliconpreview.co.uk
 session: SESS5d6793005ebfb5.78472380
 returning user: 1Row is 
 when: 2019-08-29 10:16:17
 url: 
 type: form
 text: form_help-survey
 domain: charlotter.siliconpreview.co.uk
 session: SESS5d6793005ebfb5.78472380
 returning user: 1Row is 
 when: 2019-08-29 10:21:00
 url: /
 type: link
 text: Home
 domain: charlotter.siliconpreview.co.uk
 session: SESS5d6793005ebfb5.78472380
 returning user: 1Row is 
 when: 2019-08-29 13:08:21
 url: /
 type: link
 text: Home
 domain: charlotter.siliconpreview.co.uk
 session: SESS5d67beebcbaa92.14483864
 returning user: 1Row is 
 when: 2019-08-29 13:15:21
 url: 
 type: 
 text: 
 domain: charlotter.siliconpreview.co.uk
 session: SESS5d67beebcbaa92.14483864
 returning user: 1Row is 
 when: 2019-08-29 13:15:21
 url: 
 type: 
 text: 
 domain: charlotter.siliconpreview.co.uk
 session: SESS5d67beebcbaa92.14483864
 returning user: 1Row is 
 when: 2019-08-29 13:34:44
 url: /
 type: link
 text: Home
 domain: charlotter.siliconpreview.co.uk
 session: SESS5d67c646d126f4.92255749
 returning user: 1Row is 
 when: 2019-08-29 13:34:50
 url: 
 type: room
 text: Consulting room 
 domain: charlotter.siliconpreview.co.uk
 session: SESS5d67c646d126f4.92255749
 returning user: 1Row is 
 when: 2019-08-29 13:36:02
 url: 
 type: 
 text: 
 domain: charlotter.siliconpreview.co.uk
 session: SESS5d67c646d126f4.92255749
 returning user: 1Row is 
 when: 2019-08-29 13:36:02
 url: 
 type: 
 text: 
 domain: charlotter.siliconpreview.co.uk
 session: SESS5d67c646d126f4.92255749
 returning user: 1Row is 
 when: 2019-08-29 13:36:03
 url: 
 type: 
 text: 
 domain: charlotter.siliconpreview.co.uk
 session: SESS5d67c646d126f4.92255749
 returning user: 1Row is 
 when: 2019-08-29 13:36:04
 url: 
 type: 
 text: 
 domain: charlotter.siliconpreview.co.uk
 session: SESS5d67c646d126f4.92255749
 returning user: 1Row is 
 when: 2019-08-29 13:36:07
 url: 
 type: 
 text: 
 domain: charlotter.siliconpreview.co.uk
 session: SESS5d67c646d126f4.92255749
 returning user: 1Row is 
 when: 2019-08-29 13:48:08
 url: 
 type: 
 text: 
 domain: charlotter.siliconpreview.co.uk
 session: SESS5d67c646d126f4.92255749
 returning user: 1Row is 
 when: 2019-08-29 13:48:09
 url: 
 type: 
 text: 
 domain: charlotter.siliconpreview.co.uk
 session: SESS5d67c646d126f4.92255749
 returning user: 1Row is 
 when: 2019-08-29 13:51:05
 url: 
 type: room
 text: Treatment Room
 domain: charlotter.siliconpreview.co.uk
 session: SESS5d67ca37c43946.41925164
 returning user: 1Row is 
 when: 2019-08-29 13:51:18
 url: 
 type: room
 text: Consulting room 
 domain: charlotter.siliconpreview.co.uk
 session: SESS5d67ca37c43946.41925164
 returning user: 1Row is 
 when: 2019-08-29 13:51:23
 url: /
 type: link
 text: Home
 domain: charlotter.siliconpreview.co.uk
 session: SESS5d67ca37c43946.41925164
 returning user: 1Row is 
 when: 2019-08-29 13:51:29
 url: 
 type: room
 text: Health Review and Assessment Clinic
 domain: charlotter.siliconpreview.co.uk
 session: SESS5d67ca37c43946.41925164
 returning user: 1Row is 
 when: 2019-08-29 13:51:31
 url: /navigator/breathlessness-review/
 type: link
 text: Breathlessness
 domain: charlotter.siliconpreview.co.uk
 session: SESS5d67ca37c43946.41925164
 returning user: 1Row is 
 when: 2019-08-29 13:51:46
 url: http://charlotter.siliconpreview.co.uk/
 type: link
 text: 

  					Charlotte's GP Surgery 
						Template Ar
 domain: charlotter.siliconpreview.co.uk
 session: SESS5d67ca37c43946.41925164
 returning user: 1Row is 
 when: 2019-08-29 13:51:58
 url: 
 type: room
 text: Administration office 
 domain: charlotter.siliconpreview.co.uk
 session: SESS5d67ca37c43946.41925164
 returning user: 1Row is 
 when: 2019-08-29 13:52:07
 url: /ask-the-practice-a-question/
 type: link
 text: Ask the Practice a question
 domain: charlotter.siliconpreview.co.uk
 session: SESS5d67ca37c43946.41925164
 returning user: 1Row is 
 when: 2019-08-29 13:52:33
 url: /practice-information/
 type: link
 text: Practice Information 
 domain: charlotter.siliconpreview.co.uk
 session: SESS5d67ca37c43946.41925164
 returning user: 1Row is 
 when: 2019-08-29 13:52:37
 url: http://charlotter.siliconpreview.co.uk/practice-in
 type: link
 text: Clinics and Services
 domain: charlotter.siliconpreview.co.uk
 session: SESS5d67ca37c43946.41925164
 returning user: 1Row is 
 when: 2019-08-29 13:53:02
 url: 
 type: room
 text: Reception and enquiries
 domain: charlotter.siliconpreview.co.uk
 session: SESS5d67ca37c43946.41925164
 returning user: 1Row is 
 when: 2019-08-29 13:53:05
 url: /navigator/new-patient-registration/
 type: link
 text: Register as a new patient
 domain: charlotter.siliconpreview.co.uk
 session: SESS5d67ca37c43946.41925164
 returning user: 1Row is 
 when: 2019-08-29 13:53:17
 url: /navigator/new-patient-registration/
 type: link
 text: Read more
 domain: charlotter.siliconpreview.co.uk
 session: SESS5d67ca37c43946.41925164
 returning user: 1Row is 
 when: 2019-08-29 13:53:30
 url: /practice-information/practice-boundary/
 type: link
 text: practice boundary
 domain: charlotter.siliconpreview.co.uk
 session: SESS5d67ca37c43946.41925164
 returning user: 1Row is 
 when: 2019-08-29 13:53:37
 url: /navigator/contact-the-practice/
 type: link
 text: or contact the Practice.
 domain: charlotter.siliconpreview.co.uk
 session: SESS5d67ca37c43946.41925164
 returning user: 1Row is 
 when: 2019-08-29 13:53:41
 url: https://twitter.com/nwrsurgery
 type: link
 text: Twitter
 domain: charlotter.siliconpreview.co.uk
 session: SESS5d67ca37c43946.41925164
 returning user: 1Row is 
 when: 2019-08-29 13:53:48
 url: 
 type: link
 text: Phone
 domain: charlotter.siliconpreview.co.uk
 session: SESS5d67ca37c43946.41925164
 returning user: 1Row is 
 when: 2019-08-29 13:53:57
 url: 
 type: link
 text: Phone
 domain: charlotter.siliconpreview.co.uk
 session: SESS5d67ca37c43946.41925164
 returning user: 1Row is 
 when: 2019-08-29 13:54:04
 url: 
 type: link
 text: Location
 domain: charlotter.siliconpreview.co.uk
 session: SESS5d67ca37c43946.41925164
 returning user: 1Row is 
 when: 2019-08-29 13:55:01
 url: 
 type: link
 text: Phone
 domain: charlotter.siliconpreview.co.uk
 session: SESS5d67ca37c43946.41925164
 returning user: 1Row is 
 when: 2019-08-29 13:55:02
 url: 
 type: link
 text: Phone
 domain: charlotter.siliconpreview.co.uk
 session: SESS5d67ca37c43946.41925164
 returning user: 1Row is 
 when: 2019-08-29 13:55:03
 url: 
 type: link
 text: Phone
 domain: charlotter.siliconpreview.co.uk
 session: SESS5d67ca37c43946.41925164
 returning user: 1Row is 
 when: 2019-08-29 13:55:04
 url: 
 type: link
 text: Phone
 domain: charlotter.siliconpreview.co.uk
 session: SESS5d67ca37c43946.41925164
 returning user: 1Row is 
 when: 2019-08-29 13:55:05
 url: 
 type: link
 text: Phone
 domain: charlotter.siliconpreview.co.uk
 session: SESS5d67ca37c43946.41925164
 returning user: 1Row is 
 when: 2019-08-29 13:55:08
 url: 
 type: link
 text: Phone
 domain: charlotter.siliconpreview.co.uk
 session: SESS5d67ca37c43946.41925164
 returning user: 1Row is 
 when: 2019-08-29 13:55:09
 url: 
 type: link
 text: Phone
 domain: charlotter.siliconpreview.co.uk
 session: SESS5d67ca37c43946.41925164
 returning user: 1Row is 
 when: 2019-08-29 13:55:10
 url: 
 type: link
 text: Phone
 domain: charlotter.siliconpreview.co.uk
 session: SESS5d67ca37c43946.41925164
 returning user: 1Row is 
 when: 2019-08-29 13:55:11
 url: 
 type: link
 text: Phone
 domain: charlotter.siliconpreview.co.uk
 session: SESS5d67ca37c43946.41925164
 returning user: 1Row is 
 when: 2019-08-29 13:55:30
 url: /navigator/contact-the-practice/
 type: link
 text: Message
 domain: charlotter.siliconpreview.co.uk
 session: SESS5d67ca37c43946.41925164
 returning user: 1Row is 
 when: 2019-08-29 13:55:41
 url: 
 type: link
 text: Phone
 domain: charlotter.siliconpreview.co.uk
 session: SESS5d67ca37c43946.41925164
 returning user: 1Row is 
 when: 2019-08-29 13:55:42
 url: 
 type: link
 text: Phone
 domain: charlotter.siliconpreview.co.uk
 session: SESS5d67ca37c43946.41925164
 returning user: 1Row is 
 when: 2019-08-29 13:56:02
 url: /practice-information/opening-hours/
 type: link
 text: View all opening hours
 domain: charlotter.siliconpreview.co.uk
 session: SESS5d67ca37c43946.41925164
 returning user: 1Row is 
 when: 2019-08-29 13:56:28
 url: http://charlotter.siliconpreview.co.uk/disclaimer/
 type: link
 text: Disclaimer
 domain: charlotter.siliconpreview.co.uk
 session: SESS5d67ca37c43946.41925164
 returning user: 1Row is 
 when: 2019-08-29 13:56:54
 url: http://charlotter.siliconpreview.co.uk/accessibili
 type: link
 text: Accessibility
 domain: charlotter.siliconpreview.co.uk
 session: SESS5d67ca37c43946.41925164
 returning user: 1Row is 
 when: 2019-08-29 13:59:17
 url: /
 type: link
 text: Home
 domain: charlotter.siliconpreview.co.uk
 session: SESS5d67ca37c43946.41925164
 returning user: 1Row is 
 when: 2019-08-29 13:59:25
 url: https://webgp.com/
 type: link
 text: I want help for my child
 domain: charlotter.siliconpreview.co.uk
 session: SESS5d67ca37c43946.41925164
 returning user: 1Row is 
 when: 2019-08-29 13:59:49
 url: http://charlotter.siliconpreview.co.uk/
 type: link
 text: 

  					Charlotte's GP Surgery 
						Template Ar
 domain: charlotter.siliconpreview.co.uk
 session: SESS5d67ca37c43946.41925164
 returning user: 1Row is 
 when: 2019-08-29 14:06:41
 url: http://charlotter.siliconpreview.co.uk/
 type: link
 text: 

  					Charlotte's GP Surgery 
						Template Ar
 domain: charlotter.siliconpreview.co.uk
 session: SESS5d67ca37c43946.41925164
 returning user: 1Row is 
 when: 2019-08-29 14:06:49
 url: /news_archive/
 type: link
 text: 
               View practice news 
           
 domain: charlotter.siliconpreview.co.uk
 session: SESS5d67ca37c43946.41925164
 returning user: 1Row is 
 when: 2019-08-29 14:06:51
 url: /navigator/new-patient-registration/
 type: link
 text: New Patients
 domain: charlotter.siliconpreview.co.uk
 session: SESS5d67ca37c43946.41925164
 returning user: 1Row is 
 when: 2019-08-29 14:10:26
 url: /
 type: link
 text: Home
 domain: charlotter.siliconpreview.co.uk
 session: SESS5d67ca37c43946.41925164
 returning user: 1Row is 
 when: 2019-08-29 14:11:20
 url: /navigator/contact-the-practice/
 type: link
 text: Message
 domain: charlotter.siliconpreview.co.uk
 session: SESS5d67ca37c43946.41925164
 returning user: 1Row is 
 when: 2019-08-29 14:11:23
 url: /
 type: link
 text: Home
 domain: charlotter.siliconpreview.co.uk
 session: SESS5d67ca37c43946.41925164
 returning user: 1Row is 
 when: 2019-08-29 14:11:42
 url: 
 type: room
 text: Treatment Room
 domain: charlotter.siliconpreview.co.uk
 session: SESS5d67ca37c43946.41925164
 returning user: 1Row is 
 when: 2019-08-29 14:11:43
 url: /conditions/sprains/pages/introduction.aspx
 type: link
 text: Sprains
 domain: charlotter.siliconpreview.co.uk
 session: SESS5d67ca37c43946.41925164
 returning user: 1Row is 
 when: 2019-08-29 14:11:52
 url: #
 type: link
 text: Is it a sprain or a strain? 
 domain: charlotter.siliconpreview.co.uk
 session: SESS5d67ca37c43946.41925164
 returning user: 1Row is 
 when: 2019-08-29 14:12:11
 url: #i5
 type: link
 text: When to get medical help
 domain: charlotter.siliconpreview.co.uk
 session: SESS5d67ca37c43946.41925164
 returning user: 1Row is 
 when: 2019-08-29 14:12:19
 url: #i5
 type: link
 text: When to get medical help
 domain: charlotter.siliconpreview.co.uk
 session: SESS5d67ca37c43946.41925164
 returning user: 1Row is 
 when: 2019-08-29 14:12:21
 url: #i3
 type: link
 text: How long it lasts
 domain: charlotter.siliconpreview.co.uk
 session: SESS5d67ca37c43946.41925164
 returning user: 1Row is 
 when: 2019-08-29 14:12:22
 url: #
 type: link
 text: Is it a sprain or a strain? 
 domain: charlotter.siliconpreview.co.uk
 session: SESS5d67ca37c43946.41925164
 returning user: 1Row is 
 when: 2019-08-29 14:12:28
 url: /
 type: link
 text: Home
 domain: charlotter.siliconpreview.co.uk
 session: SESS5d67ca37c43946.41925164
 returning user: 1Row is 
 when: 2019-08-29 14:13:45
 url: 
 type: 
 text: 
 domain: charlotter.siliconpreview.co.uk
 session: SESS5d67ca37c43946.41925164
 returning user: 1Row is 
 when: 2019-08-29 14:13:45
 url: 
 type: 
 text: 
 domain: charlotter.siliconpreview.co.uk
 session: SESS5d67ca37c43946.41925164
 returning user: 1Row is 
 when: 2019-08-29 14:14:58
 url: 
 type: 
 text: 
 domain: charlotter.siliconpreview.co.uk
 session: SESS5d67ca37c43946.41925164
 returning user: 1Row is 
 when: 2019-08-29 14:14:58
 url: 
 type: 
 text: 
 domain: charlotter.siliconpreview.co.uk
 session: SESS5d67ca37c43946.41925164
 returning user: 1Row is 
 when: 2019-08-29 14:52:43
 url: 
 type: 
 text: 
 domain: charlotter.siliconpreview.co.uk
 session: SESS5d67d88f3de677.66262925
 returning user: 1Row is 
 when: 2019-08-29 14:52:43
 url: 
 type: 
 text: 
 domain: charlotter.siliconpreview.co.uk
 session: SESS5d67d88f3de677.66262925
 returning user: 1Row is 
 when: 2019-08-29 14:53:41
 url: 
 type: 
 text: 
 domain: charlotter.siliconpreview.co.uk
 session: SESS5d67d88f3de677.66262925
 returning user: 1Row is 
 when: 2019-08-29 14:53:46
 url: 
 type: 
 text: 
 domain: charlotter.siliconpreview.co.uk
 session: SESS5d67d88f3de677.66262925
 returning user: 1Row is 
 when: 2019-08-29 15:10:01
 url: /online-requests/
 type: link
 text: Online Requests
 domain: charlotter.siliconpreview.co.uk
 session: SESS5d67dcb310ad05.71487452
 returning user: 1Row is 
 when: 2019-08-29 15:17:39
 url: 
 type: room
 text: Reception and enquiries
 domain: charlotter.siliconpreview.co.uk
 session: SESS5d67dcb310ad05.71487452
 returning user: 1Row is 
 when: 2019-08-29 15:17:40
 url: /navigator/new-patient-registration/
 type: link
 text: Read more
 domain: charlotter.siliconpreview.co.uk
 session: SESS5d67dcb310ad05.71487452
 returning user: 1Row is 
 when: 2019-09-02 09:21:39
 url: 
 type: 
 text: 
 domain: charlotter.siliconpreview.co.uk
 session: SESS5d6cd0cbe55123.03739357
 returning user: 1Row is 
 when: 2019-09-02 09:21:39
 url: 
 type: 
 text: 
 domain: charlotter.siliconpreview.co.uk
 session: SESS5d6cd0cbe55123.03739357
 returning user: 1Row is 
 when: 2019-09-02 09:31:13
 url: /
 type: link
 text: Home
 domain: charlotter.siliconpreview.co.uk
 session: SESS5d6cd0cbe55123.03739357
 returning user: 1Row is 
 when: 2019-09-02 09:37:32
 url: /
 type: link
 text: Home
 domain: charlotter.siliconpreview.co.uk
 session: SESS5d6cd0cbe55123.03739357
 returning user: 1Row is 
 when: 2019-09-02 09:38:19
 url: /
 type: link
 text: Home
 domain: charlotter.siliconpreview.co.uk
 session: SESS5d6cd0cbe55123.03739357
 returning user: 1Row is 
 when: 2019-09-02 15:55:05
 url: http://charlotter.siliconpreview.co.uk/
 type: link
 text: 

  					Charlotte's GP Surgery 
						Template Ar
 domain: charlotter.siliconpreview.co.uk
 session: SESS5d6d2c3d6a6ce3.29646036
 returning user: 1Row is 
 when: 2019-09-03 12:27:09
 url: 
 type: 
 text: 
 domain: charlotter.siliconpreview.co.uk
 session: SESS5d6e4cec39d5e3.97589288
 returning user: 1sessions: 10Row is 
 when: 2019-08-29 09:40:05
 url: /
 type: link
 text: Home
 domain: charlotter.siliconpreview.co.uk
 session: SESS5d678d7caa6765.14565274
 returning user: 1Row is 
 when: 2019-08-29 09:40:11
 url: 
 type: link
 text: Reception and enquiries
 domain: charlotter.siliconpreview.co.uk
 session: SESS5d678d7caa6765.14565274
 returning user: 1Row is 
 when: 2019-08-29 09:40:14
 url: /navigator/ask-the-reception-a-question/
 type: link
 text: Ask a Receptionist a question
 domain: charlotter.siliconpreview.co.uk
 session: SESS5d678d7caa6765.14565274
 returning user: 1Row is 
 when: 2019-08-29 09:40:37
 url: 
 type: link
 text: Treatment Room
 domain: charlotter.siliconpreview.co.uk
 session: SESS5d678d7caa6765.14565274
 returning user: 1Row is 
 when: 2019-08-29 09:55:54
 url: 
 type: link
 text: Reception and enquiries
 domain: charlotter.siliconpreview.co.uk
 session: SESS5d6793005ebfb5.78472380
 returning user: 1Row is 
 when: 2019-08-29 09:56:00
 url: 
 type: link
 text: Travel Room
 domain: charlotter.siliconpreview.co.uk
 session: SESS5d6793005ebfb5.78472380
 returning user: 1Row is 
 when: 2019-08-29 09:56:04
 url: /practice-information/
 type: link
 text: Practice Information 
 domain: charlotter.siliconpreview.co.uk
 session: SESS5d6793005ebfb5.78472380
 returning user: 1Row is 
 when: 2019-08-29 09:56:12
 url: 
 type: link
 text: Reception and enquiries
 domain: charlotter.siliconpreview.co.uk
 session: SESS5d6793005ebfb5.78472380
 returning user: 1Row is 
 when: 2019-08-29 09:56:15
 url: /referrals/
 type: link
 text: Referrals
 domain: charlotter.siliconpreview.co.uk
 session: SESS5d6793005ebfb5.78472380
 returning user: 1Row is 
 when: 2019-08-29 09:56:28
 url: 
 type: choice
 text: I would like to request a referral
 domain: charlotter.siliconpreview.co.uk
 session: SESS5d6793005ebfb5.78472380
 returning user: 1Row is 
 when: 2019-08-29 09:56:35
 url: http://www.talktofrank.com/treatment-centre/lorrai
 type: link
 text: Drugs & Alcohol
 domain: charlotter.siliconpreview.co.uk
 session: SESS5d6793005ebfb5.78472380
 returning user: 1Row is 
 when: 2019-08-29 09:56:35
 url: 
 type: choice
 text: 
 domain: charlotter.siliconpreview.co.uk
 session: SESS5d6793005ebfb5.78472380
 returning user: 1Row is 
 when: 2019-08-29 09:59:46
 url: /sick-note/
 type: link
 text: Sick / fit notes
 domain: charlotter.siliconpreview.co.uk
 session: SESS5d6793005ebfb5.78472380
 returning user: 1Row is 
 when: 2019-08-29 09:59:59
 url: 
 type: choice
 text: This is my first Sick / Fit Note for this illness
 domain: charlotter.siliconpreview.co.uk
 session: SESS5d6793005ebfb5.78472380
 returning user: 1Row is 
 when: 2019-08-29 10:00:00
 url: /please-complete-a-self-certification-form/
 type: link
 text: I have been ill for 7 days or less
 domain: charlotter.siliconpreview.co.uk
 session: SESS5d6793005ebfb5.78472380
 returning user: 1Row is 
 when: 2019-08-29 10:00:00
 url: 
 type: choice
 text: 
 domain: charlotter.siliconpreview.co.uk
 session: SESS5d6793005ebfb5.78472380
 returning user: 1Row is 
 when: 2019-08-29 10:05:41
 url: 
 type: 
 text: 
 domain: charlotter.siliconpreview.co.uk
 session: SESS5d6793005ebfb5.78472380
 returning user: 1Row is 
 when: 2019-08-29 10:11:17
 url: 
 type: link
 text: Phone
 domain: charlotter.siliconpreview.co.uk
 session: SESS5d6793005ebfb5.78472380
 returning user: 1Row is 
 when: 2019-08-29 10:14:15
 url: 
 type: room
 text: Reception and enquiries
 domain: charlotter.siliconpreview.co.uk
 session: SESS5d6793005ebfb5.78472380
 returning user: 1Row is 
 when: 2019-08-29 10:14:18
 url: 
 type: room
 text: Treatment Room
 domain: charlotter.siliconpreview.co.uk
 session: SESS5d6793005ebfb5.78472380
 returning user: 1Row is 
 when: 2019-08-29 10:14:20
 url: /conditions/headache/pages/introduction.aspx
 type: link
 text: Headaches
 domain: charlotter.siliconpreview.co.uk
 session: SESS5d6793005ebfb5.78472380
 returning user: 1Row is 
 when: 2019-08-29 10:14:47
 url: /practice-information/opening-hours/
 type: link
 text: View all opening hours
 domain: charlotter.siliconpreview.co.uk
 session: SESS5d6793005ebfb5.78472380
 returning user: 1Row is 
 when: 2019-08-29 10:15:10
 url: /navigator/new-patient-registration/
 type: link
 text: Read more
 domain: charlotter.siliconpreview.co.uk
 session: SESS5d6793005ebfb5.78472380
 returning user: 1Row is 
 when: 2019-08-29 10:15:19
 url: 
 type: form
 text: form_newpatient
 domain: charlotter.siliconpreview.co.uk
 session: SESS5d6793005ebfb5.78472380
 returning user: 1Row is 
 when: 2019-08-29 10:15:19
 url: 
 type: 
 text: 
 domain: charlotter.siliconpreview.co.uk
 session: SESS5d6793005ebfb5.78472380
 returning user: 1Row is 
 when: 2019-08-29 10:15:24
 url: 
 type: form
 text: form_newpatient
 domain: charlotter.siliconpreview.co.uk
 session: SESS5d6793005ebfb5.78472380
 returning user: 1Row is 
 when: 2019-08-29 10:15:24
 url: 
 type: 
 text: 
 domain: charlotter.siliconpreview.co.uk
 session: SESS5d6793005ebfb5.78472380
 returning user: 1Row is 
 when: 2019-08-29 10:15:29
 url: /online-requests/
 type: link
 text: Online Requests
 domain: charlotter.siliconpreview.co.uk
 session: SESS5d6793005ebfb5.78472380
 returning user: 1Row is 
 when: 2019-08-29 10:15:37
 url: /navigator/ask-the-reception-a-question/
 type: link
 text: Ask Reception a Question
 domain: charlotter.siliconpreview.co.uk
 session: SESS5d6793005ebfb5.78472380
 returning user: 1Row is 
 when: 2019-08-29 10:15:40
 url: 
 type: form
 text: form_askareception
 domain: charlotter.siliconpreview.co.uk
 session: SESS5d6793005ebfb5.78472380
 returning user: 1Row is 
 when: 2019-08-29 10:15:44
 url: 
 type: form
 text: form_askareception
 domain: charlotter.siliconpreview.co.uk
 session: SESS5d6793005ebfb5.78472380
 returning user: 1Row is 
 when: 2019-08-29 10:15:46
 url: 
 type: form
 text: form_askareception
 domain: charlotter.siliconpreview.co.uk
 session: SESS5d6793005ebfb5.78472380
 returning user: 1Row is 
 when: 2019-08-29 10:15:52
 url: 
 type: form
 text: form_askareception
 domain: charlotter.siliconpreview.co.uk
 session: SESS5d6793005ebfb5.78472380
 returning user: 1Row is 
 when: 2019-08-29 10:15:54
 url: 
 type: 
 text: 
 domain: charlotter.siliconpreview.co.uk
 session: SESS5d6793005ebfb5.78472380
 returning user: 1Row is 
 when: 2019-08-29 10:15:54
 url: 
 type: form
 text: form_askareception
 domain: charlotter.siliconpreview.co.uk
 session: SESS5d6793005ebfb5.78472380
 returning user: 1Row is 
 when: 2019-08-29 10:16:16
 url: 
 type: form
 text: form_help-survey
 domain: charlotter.siliconpreview.co.uk
 session: SESS5d6793005ebfb5.78472380
 returning user: 1Row is 
 when: 2019-08-29 10:16:17
 url: 
 type: form
 text: form_help-survey
 domain: charlotter.siliconpreview.co.uk
 session: SESS5d6793005ebfb5.78472380
 returning user: 1Row is 
 when: 2019-08-29 10:16:17
 url: 
 type: form
 text: form_help-survey
 domain: charlotter.siliconpreview.co.uk
 session: SESS5d6793005ebfb5.78472380
 returning user: 1Row is 
 when: 2019-08-29 10:16:17
 url: 
 type: form
 text: form_help-survey
 domain: charlotter.siliconpreview.co.uk
 session: SESS5d6793005ebfb5.78472380
 returning user: 1Row is 
 when: 2019-08-29 10:16:17
 url: 
 type: 
 text: 
 domain: charlotter.siliconpreview.co.uk
 session: SESS5d6793005ebfb5.78472380
 returning user: 1Row is 
 when: 2019-08-29 10:16:17
 url: 
 type: form
 text: form_help-survey
 domain: charlotter.siliconpreview.co.uk
 session: SESS5d6793005ebfb5.78472380
 returning user: 1Row is 
 when: 2019-08-29 10:16:17
 url: 
 type: form
 text: form_help-survey
 domain: charlotter.siliconpreview.co.uk
 session: SESS5d6793005ebfb5.78472380
 returning user: 1Row is 
 when: 2019-08-29 10:21:00
 url: /
 type: link
 text: Home
 domain: charlotter.siliconpreview.co.uk
 session: SESS5d6793005ebfb5.78472380
 returning user: 1Row is 
 when: 2019-08-29 13:08:21
 url: /
 type: link
 text: Home
 domain: charlotter.siliconpreview.co.uk
 session: SESS5d67beebcbaa92.14483864
 returning user: 1Row is 
 when: 2019-08-29 13:15:21
 url: 
 type: 
 text: 
 domain: charlotter.siliconpreview.co.uk
 session: SESS5d67beebcbaa92.14483864
 returning user: 1Row is 
 when: 2019-08-29 13:15:21
 url: 
 type: 
 text: 
 domain: charlotter.siliconpreview.co.uk
 session: SESS5d67beebcbaa92.14483864
 returning user: 1Row is 
 when: 2019-08-29 13:34:44
 url: /
 type: link
 text: Home
 domain: charlotter.siliconpreview.co.uk
 session: SESS5d67c646d126f4.92255749
 returning user: 1Row is 
 when: 2019-08-29 13:34:50
 url: 
 type: room
 text: Consulting room 
 domain: charlotter.siliconpreview.co.uk
 session: SESS5d67c646d126f4.92255749
 returning user: 1Row is 
 when: 2019-08-29 13:36:02
 url: 
 type: 
 text: 
 domain: charlotter.siliconpreview.co.uk
 session: SESS5d67c646d126f4.92255749
 returning user: 1Row is 
 when: 2019-08-29 13:36:02
 url: 
 type: 
 text: 
 domain: charlotter.siliconpreview.co.uk
 session: SESS5d67c646d126f4.92255749
 returning user: 1Row is 
 when: 2019-08-29 13:36:03
 url: 
 type: 
 text: 
 domain: charlotter.siliconpreview.co.uk
 session: SESS5d67c646d126f4.92255749
 returning user: 1Row is 
 when: 2019-08-29 13:36:04
 url: 
 type: 
 text: 
 domain: charlotter.siliconpreview.co.uk
 session: SESS5d67c646d126f4.92255749
 returning user: 1Row is 
 when: 2019-08-29 13:36:07
 url: 
 type: 
 text: 
 domain: charlotter.siliconpreview.co.uk
 session: SESS5d67c646d126f4.92255749
 returning user: 1Row is 
 when: 2019-08-29 13:48:08
 url: 
 type: 
 text: 
 domain: charlotter.siliconpreview.co.uk
 session: SESS5d67c646d126f4.92255749
 returning user: 1Row is 
 when: 2019-08-29 13:48:09
 url: 
 type: 
 text: 
 domain: charlotter.siliconpreview.co.uk
 session: SESS5d67c646d126f4.92255749
 returning user: 1Row is 
 when: 2019-08-29 13:51:05
 url: 
 type: room
 text: Treatment Room
 domain: charlotter.siliconpreview.co.uk
 session: SESS5d67ca37c43946.41925164
 returning user: 1Row is 
 when: 2019-08-29 13:51:18
 url: 
 type: room
 text: Consulting room 
 domain: charlotter.siliconpreview.co.uk
 session: SESS5d67ca37c43946.41925164
 returning user: 1Row is 
 when: 2019-08-29 13:51:23
 url: /
 type: link
 text: Home
 domain: charlotter.siliconpreview.co.uk
 session: SESS5d67ca37c43946.41925164
 returning user: 1Row is 
 when: 2019-08-29 13:51:29
 url: 
 type: room
 text: Health Review and Assessment Clinic
 domain: charlotter.siliconpreview.co.uk
 session: SESS5d67ca37c43946.41925164
 returning user: 1Row is 
 when: 2019-08-29 13:51:31
 url: /navigator/breathlessness-review/
 type: link
 text: Breathlessness
 domain: charlotter.siliconpreview.co.uk
 session: SESS5d67ca37c43946.41925164
 returning user: 1Row is 
 when: 2019-08-29 13:51:46
 url: http://charlotter.siliconpreview.co.uk/
 type: link
 text: 

  					Charlotte's GP Surgery 
						Template Ar
 domain: charlotter.siliconpreview.co.uk
 session: SESS5d67ca37c43946.41925164
 returning user: 1Row is 
 when: 2019-08-29 13:51:58
 url: 
 type: room
 text: Administration office 
 domain: charlotter.siliconpreview.co.uk
 session: SESS5d67ca37c43946.41925164
 returning user: 1Row is 
 when: 2019-08-29 13:52:07
 url: /ask-the-practice-a-question/
 type: link
 text: Ask the Practice a question
 domain: charlotter.siliconpreview.co.uk
 session: SESS5d67ca37c43946.41925164
 returning user: 1Row is 
 when: 2019-08-29 13:52:33
 url: /practice-information/
 type: link
 text: Practice Information 
 domain: charlotter.siliconpreview.co.uk
 session: SESS5d67ca37c43946.41925164
 returning user: 1Row is 
 when: 2019-08-29 13:52:37
 url: http://charlotter.siliconpreview.co.uk/practice-in
 type: link
 text: Clinics and Services
 domain: charlotter.siliconpreview.co.uk
 session: SESS5d67ca37c43946.41925164
 returning user: 1Row is 
 when: 2019-08-29 13:53:02
 url: 
 type: room
 text: Reception and enquiries
 domain: charlotter.siliconpreview.co.uk
 session: SESS5d67ca37c43946.41925164
 returning user: 1Row is 
 when: 2019-08-29 13:53:05
 url: /navigator/new-patient-registration/
 type: link
 text: Register as a new patient
 domain: charlotter.siliconpreview.co.uk
 session: SESS5d67ca37c43946.41925164
 returning user: 1Row is 
 when: 2019-08-29 13:53:17
 url: /navigator/new-patient-registration/
 type: link
 text: Read more
 domain: charlotter.siliconpreview.co.uk
 session: SESS5d67ca37c43946.41925164
 returning user: 1Row is 
 when: 2019-08-29 13:53:30
 url: /practice-information/practice-boundary/
 type: link
 text: practice boundary
 domain: charlotter.siliconpreview.co.uk
 session: SESS5d67ca37c43946.41925164
 returning user: 1Row is 
 when: 2019-08-29 13:53:37
 url: /navigator/contact-the-practice/
 type: link
 text: or contact the Practice.
 domain: charlotter.siliconpreview.co.uk
 session: SESS5d67ca37c43946.41925164
 returning user: 1Row is 
 when: 2019-08-29 13:53:41
 url: https://twitter.com/nwrsurgery
 type: link
 text: Twitter
 domain: charlotter.siliconpreview.co.uk
 session: SESS5d67ca37c43946.41925164
 returning user: 1Row is 
 when: 2019-08-29 13:53:48
 url: 
 type: link
 text: Phone
 domain: charlotter.siliconpreview.co.uk
 session: SESS5d67ca37c43946.41925164
 returning user: 1Row is 
 when: 2019-08-29 13:53:57
 url: 
 type: link
 text: Phone
 domain: charlotter.siliconpreview.co.uk
 session: SESS5d67ca37c43946.41925164
 returning user: 1Row is 
 when: 2019-08-29 13:54:04
 url: 
 type: link
 text: Location
 domain: charlotter.siliconpreview.co.uk
 session: SESS5d67ca37c43946.41925164
 returning user: 1Row is 
 when: 2019-08-29 13:55:01
 url: 
 type: link
 text: Phone
 domain: charlotter.siliconpreview.co.uk
 session: SESS5d67ca37c43946.41925164
 returning user: 1Row is 
 when: 2019-08-29 13:55:02
 url: 
 type: link
 text: Phone
 domain: charlotter.siliconpreview.co.uk
 session: SESS5d67ca37c43946.41925164
 returning user: 1Row is 
 when: 2019-08-29 13:55:03
 url: 
 type: link
 text: Phone
 domain: charlotter.siliconpreview.co.uk
 session: SESS5d67ca37c43946.41925164
 returning user: 1Row is 
 when: 2019-08-29 13:55:04
 url: 
 type: link
 text: Phone
 domain: charlotter.siliconpreview.co.uk
 session: SESS5d67ca37c43946.41925164
 returning user: 1Row is 
 when: 2019-08-29 13:55:05
 url: 
 type: link
 text: Phone
 domain: charlotter.siliconpreview.co.uk
 session: SESS5d67ca37c43946.41925164
 returning user: 1Row is 
 when: 2019-08-29 13:55:08
 url: 
 type: link
 text: Phone
 domain: charlotter.siliconpreview.co.uk
 session: SESS5d67ca37c43946.41925164
 returning user: 1Row is 
 when: 2019-08-29 13:55:09
 url: 
 type: link
 text: Phone
 domain: charlotter.siliconpreview.co.uk
 session: SESS5d67ca37c43946.41925164
 returning user: 1Row is 
 when: 2019-08-29 13:55:10
 url: 
 type: link
 text: Phone
 domain: charlotter.siliconpreview.co.uk
 session: SESS5d67ca37c43946.41925164
 returning user: 1Row is 
 when: 2019-08-29 13:55:11
 url: 
 type: link
 text: Phone
 domain: charlotter.siliconpreview.co.uk
 session: SESS5d67ca37c43946.41925164
 returning user: 1Row is 
 when: 2019-08-29 13:55:30
 url: /navigator/contact-the-practice/
 type: link
 text: Message
 domain: charlotter.siliconpreview.co.uk
 session: SESS5d67ca37c43946.41925164
 returning user: 1Row is 
 when: 2019-08-29 13:55:41
 url: 
 type: link
 text: Phone
 domain: charlotter.siliconpreview.co.uk
 session: SESS5d67ca37c43946.41925164
 returning user: 1Row is 
 when: 2019-08-29 13:55:42
 url: 
 type: link
 text: Phone
 domain: charlotter.siliconpreview.co.uk
 session: SESS5d67ca37c43946.41925164
 returning user: 1Row is 
 when: 2019-08-29 13:56:02
 url: /practice-information/opening-hours/
 type: link
 text: View all opening hours
 domain: charlotter.siliconpreview.co.uk
 session: SESS5d67ca37c43946.41925164
 returning user: 1Row is 
 when: 2019-08-29 13:56:28
 url: http://charlotter.siliconpreview.co.uk/disclaimer/
 type: link
 text: Disclaimer
 domain: charlotter.siliconpreview.co.uk
 session: SESS5d67ca37c43946.41925164
 returning user: 1Row is 
 when: 2019-08-29 13:56:54
 url: http://charlotter.siliconpreview.co.uk/accessibili
 type: link
 text: Accessibility
 domain: charlotter.siliconpreview.co.uk
 session: SESS5d67ca37c43946.41925164
 returning user: 1Row is 
 when: 2019-08-29 13:59:17
 url: /
 type: link
 text: Home
 domain: charlotter.siliconpreview.co.uk
 session: SESS5d67ca37c43946.41925164
 returning user: 1Row is 
 when: 2019-08-29 13:59:25
 url: https://webgp.com/
 type: link
 text: I want help for my child
 domain: charlotter.siliconpreview.co.uk
 session: SESS5d67ca37c43946.41925164
 returning user: 1Row is 
 when: 2019-08-29 13:59:49
 url: http://charlotter.siliconpreview.co.uk/
 type: link
 text: 

  					Charlotte's GP Surgery 
						Template Ar
 domain: charlotter.siliconpreview.co.uk
 session: SESS5d67ca37c43946.41925164
 returning user: 1Row is 
 when: 2019-08-29 14:06:41
 url: http://charlotter.siliconpreview.co.uk/
 type: link
 text: 

  					Charlotte's GP Surgery 
						Template Ar
 domain: charlotter.siliconpreview.co.uk
 session: SESS5d67ca37c43946.41925164
 returning user: 1Row is 
 when: 2019-08-29 14:06:49
 url: /news_archive/
 type: link
 text: 
               View practice news 
           
 domain: charlotter.siliconpreview.co.uk
 session: SESS5d67ca37c43946.41925164
 returning user: 1Row is 
 when: 2019-08-29 14:06:51
 url: /navigator/new-patient-registration/
 type: link
 text: New Patients
 domain: charlotter.siliconpreview.co.uk
 session: SESS5d67ca37c43946.41925164
 returning user: 1Row is 
 when: 2019-08-29 14:10:26
 url: /
 type: link
 text: Home
 domain: charlotter.siliconpreview.co.uk
 session: SESS5d67ca37c43946.41925164
 returning user: 1Row is 
 when: 2019-08-29 14:11:20
 url: /navigator/contact-the-practice/
 type: link
 text: Message
 domain: charlotter.siliconpreview.co.uk
 session: SESS5d67ca37c43946.41925164
 returning user: 1Row is 
 when: 2019-08-29 14:11:23
 url: /
 type: link
 text: Home
 domain: charlotter.siliconpreview.co.uk
 session: SESS5d67ca37c43946.41925164
 returning user: 1Row is 
 when: 2019-08-29 14:11:42
 url: 
 type: room
 text: Treatment Room
 domain: charlotter.siliconpreview.co.uk
 session: SESS5d67ca37c43946.41925164
 returning user: 1Row is 
 when: 2019-08-29 14:11:43
 url: /conditions/sprains/pages/introduction.aspx
 type: link
 text: Sprains
 domain: charlotter.siliconpreview.co.uk
 session: SESS5d67ca37c43946.41925164
 returning user: 1Row is 
 when: 2019-08-29 14:11:52
 url: #
 type: link
 text: Is it a sprain or a strain? 
 domain: charlotter.siliconpreview.co.uk
 session: SESS5d67ca37c43946.41925164
 returning user: 1Row is 
 when: 2019-08-29 14:12:11
 url: #i5
 type: link
 text: When to get medical help
 domain: charlotter.siliconpreview.co.uk
 session: SESS5d67ca37c43946.41925164
 returning user: 1Row is 
 when: 2019-08-29 14:12:19
 url: #i5
 type: link
 text: When to get medical help
 domain: charlotter.siliconpreview.co.uk
 session: SESS5d67ca37c43946.41925164
 returning user: 1Row is 
 when: 2019-08-29 14:12:21
 url: #i3
 type: link
 text: How long it lasts
 domain: charlotter.siliconpreview.co.uk
 session: SESS5d67ca37c43946.41925164
 returning user: 1Row is 
 when: 2019-08-29 14:12:22
 url: #
 type: link
 text: Is it a sprain or a strain? 
 domain: charlotter.siliconpreview.co.uk
 session: SESS5d67ca37c43946.41925164
 returning user: 1Row is 
 when: 2019-08-29 14:12:28
 url: /
 type: link
 text: Home
 domain: charlotter.siliconpreview.co.uk
 session: SESS5d67ca37c43946.41925164
 returning user: 1Row is 
 when: 2019-08-29 14:13:45
 url: 
 type: 
 text: 
 domain: charlotter.siliconpreview.co.uk
 session: SESS5d67ca37c43946.41925164
 returning user: 1Row is 
 when: 2019-08-29 14:13:45
 url: 
 type: 
 text: 
 domain: charlotter.siliconpreview.co.uk
 session: SESS5d67ca37c43946.41925164
 returning user: 1Row is 
 when: 2019-08-29 14:14:58
 url: 
 type: 
 text: 
 domain: charlotter.siliconpreview.co.uk
 session: SESS5d67ca37c43946.41925164
 returning user: 1Row is 
 when: 2019-08-29 14:14:58
 url: 
 type: 
 text: 
 domain: charlotter.siliconpreview.co.uk
 session: SESS5d67ca37c43946.41925164
 returning user: 1Row is 
 when: 2019-08-29 14:52:43
 url: 
 type: 
 text: 
 domain: charlotter.siliconpreview.co.uk
 session: SESS5d67d88f3de677.66262925
 returning user: 1Row is 
 when: 2019-08-29 14:52:43
 url: 
 type: 
 text: 
 domain: charlotter.siliconpreview.co.uk
 session: SESS5d67d88f3de677.66262925
 returning user: 1Row is 
 when: 2019-08-29 14:53:41
 url: 
 type: 
 text: 
 domain: charlotter.siliconpreview.co.uk
 session: SESS5d67d88f3de677.66262925
 returning user: 1Row is 
 when: 2019-08-29 14:53:46
 url: 
 type: 
 text: 
 domain: charlotter.siliconpreview.co.uk
 session: SESS5d67d88f3de677.66262925
 returning user: 1Row is 
 when: 2019-08-29 15:10:01
 url: /online-requests/
 type: link
 text: Online Requests
 domain: charlotter.siliconpreview.co.uk
 session: SESS5d67dcb310ad05.71487452
 returning user: 1Row is 
 when: 2019-08-29 15:17:39
 url: 
 type: room
 text: Reception and enquiries
 domain: charlotter.siliconpreview.co.uk
 session: SESS5d67dcb310ad05.71487452
 returning user: 1Row is 
 when: 2019-08-29 15:17:40
 url: /navigator/new-patient-registration/
 type: link
 text: Read more
 domain: charlotter.siliconpreview.co.uk
 session: SESS5d67dcb310ad05.71487452
 returning user: 1Row is 
 when: 2019-09-02 09:21:39
 url: 
 type: 
 text: 
 domain: charlotter.siliconpreview.co.uk
 session: SESS5d6cd0cbe55123.03739357
 returning user: 1Row is 
 when: 2019-09-02 09:21:39
 url: 
 type: 
 text: 
 domain: charlotter.siliconpreview.co.uk
 session: SESS5d6cd0cbe55123.03739357
 returning user: 1Row is 
 when: 2019-09-02 09:31:13
 url: /
 type: link
 text: Home
 domain: charlotter.siliconpreview.co.uk
 session: SESS5d6cd0cbe55123.03739357
 returning user: 1Row is 
 when: 2019-09-02 09:37:32
 url: /
 type: link
 text: Home
 domain: charlotter.siliconpreview.co.uk
 session: SESS5d6cd0cbe55123.03739357
 returning user: 1Row is 
 when: 2019-09-02 09:38:19
 url: /
 type: link
 text: Home
 domain: charlotter.siliconpreview.co.uk
 session: SESS5d6cd0cbe55123.03739357
 returning user: 1Row is 
 when: 2019-09-02 15:55:05
 url: http://charlotter.siliconpreview.co.uk/
 type: link
 text: 

  					Charlotte's GP Surgery 
						Template Ar
 domain: charlotter.siliconpreview.co.uk
 session: SESS5d6d2c3d6a6ce3.29646036
 returning user: 1Row is 
 when: 2019-09-03 12:27:09
 url: 
 type: 
 text: 
 domain: charlotter.siliconpreview.co.uk
 session: SESS5d6e4cec39d5e3.97589288
 returning user: 1Row is 
 when: 2019-09-03 12:27:12
 url: 
 type: 
 text: 
 domain: charlotter.siliconpreview.co.uk
 session: SESS5d6e4cec39d5e3.97589288
 returning user: 1Row is 
 when: 2019-09-03 12:27:19
 url: 
 type: 
 text: 
 domain: charlotter.siliconpreview.co.uk
 session: SESS5d6e4cec39d5e3.97589288
 returning user: 1sessions: 10