
In the getInternal function, Page is http://charlotter.siliconpreview.co.uk/and url is charlotter.siliconpreview.co.uk
 
 --- 
 

Domain:charlotter.siliconpreview.co.uk
 Internal code: charlotter
 
 --- 
 

Domain equals url
 
 --- 
 

In the getInternal function, Page is http://charlotter.siliconpreview.co.uk/and url is charlotter.siliconpreview.co.uk
 
 --- 
 

Domain:charlotter.siliconpreview.co.uk
 Internal code: charlotter
 
 --- 
 

Domain equals url
 
 --- 
 

In the getInternal function, Page is http://charlotter.siliconpreview.co.uk/digitalpractice/treatment-roomand url is charlotter.siliconpreview.co.uk
 
 --- 
 

Domain:charlotter.siliconpreview.co.uk
 Internal code: charlotter
 
 --- 
 

Domain equals url
 
 --- 
 

In the getInternal function, Page is http://charlotter.siliconpreview.co.uk/conditions/cold-sore/pages/symptoms.aspx/and url is charlotter.siliconpreview.co.uk
 
 --- 
 

In the getInternal function, Page is http://charlotter.siliconpreview.co.uk/conditions/cold-sore/pages/symptoms.aspx/and url is charlotter.siliconpreview.co.uk
 
 --- 
 

Domain:charlotter.siliconpreview.co.uk
 Internal code: charlotter
 
 --- 
 

Domain equals url
 
 --- 
 

Domain:charlotter.siliconpreview.co.uk
 Internal code: charlotter
 
 --- 
 

Domain equals url
 
 --- 
 

In the getInternal function, Page is http://charlotter.siliconpreview.co.uk/and url is charlotter.siliconpreview.co.uk
 
 --- 
 

Domain:charlotter.siliconpreview.co.uk
 Internal code: charlotter
 
 --- 
 

Domain equals url
 
 --- 
 

In the getInternal function, Page is http://charlotter.siliconpreview.co.uk/digitalpractice/wellbeing-centreand url is charlotter.siliconpreview.co.uk
 
 --- 
 

Domain:charlotter.siliconpreview.co.uk
 Internal code: charlotter
 
 --- 
 

Domain equals url
 
 --- 
 

In the getInternal function, Page is http://charlotter.siliconpreview.co.uk/digitalpractice/wellbeing-centreand url is charlotter.siliconpreview.co.uk
 
 --- 
 

Domain:charlotter.siliconpreview.co.uk
 Internal code: charlotter
 
 --- 
 

Domain equals url
 
 --- 
 

In the getInternal function, Page is http://charlotter.siliconpreview.co.uk/and url is charlotter.siliconpreview.co.uk
 
 --- 
 

Domain:charlotter.siliconpreview.co.uk
 Internal code: charlotter
 
 --- 
 

Domain equals url
 
 --- 
 

In the getInternal function, Page is http://charlotter.siliconpreview.co.uk/and url is charlotter.siliconpreview.co.uk
 
 --- 
 

Domain:charlotter.siliconpreview.co.uk
 Internal code: charlotter
 
 --- 
 

Domain equals url
 
 --- 
 

In the getInternal function, Page is http://charlotter.siliconpreview.co.uk/digitalpractice/medicines-and-prescriptionsand url is charlotter.siliconpreview.co.uk
 
 --- 
 

Domain:charlotter.siliconpreview.co.uk
 Internal code: charlotter
 
 --- 
 

Domain equals url
 
 --- 
 

In the getInternal function, Page is http://charlotter.siliconpreview.co.uk/request-a-repeat-prescription/and url is charlotter.siliconpreview.co.uk
 
 --- 
 

Domain:charlotter.siliconpreview.co.uk
 Internal code: charlotter
 
 --- 
 

Domain equals url
 
 --- 
 

In the getInternal function, Page is http://charlotter.siliconpreview.co.uk/request-a-repeat-prescription/and url is charlotter.siliconpreview.co.uk
 
 --- 
 

Domain:charlotter.siliconpreview.co.uk
 Internal code: charlotter
 
 --- 
 

Domain equals url
 
 --- 
 

In the getInternal function, Page is http://charlotter.siliconpreview.co.uk/navigator/request-a-repeat-prescription/and url is charlotter.siliconpreview.co.uk
 
 --- 
 

In the getInternal function, Page is http://charlotter.siliconpreview.co.uk/navigator/request-a-repeat-prescription/and url is charlotter.siliconpreview.co.uk
 
 --- 
 

Domain:charlotter.siliconpreview.co.uk
 Internal code: charlotter
 
 --- 
 

Domain:charlotter.siliconpreview.co.uk
 Internal code: charlotter
 
 --- 
 

Domain equals url
 
 --- 
 

Domain equals url
 
 --- 
 
